#
# There is insufficient memory for the Java Runtime Environment to continue.
# Native memory allocation (mmap) failed to map 65536 bytes for Failed to commit metaspace.
# Possible reasons:
#   The system is out of physical RAM or swap space
#   The process is running with CompressedOops enabled, and the Java Heap may be blocking the growth of the native heap
# Possible solutions:
#   Reduce memory load on the system
#   Increase physical memory or swap space
#   Check if swap backing store is full
#   Decrease Java heap size (-Xmx/-Xms)
#   Decrease number of Java threads
#   Decrease Java thread stack sizes (-Xss)
#   Set larger code cache with -XX:ReservedCodeCacheSize=
#   JVM is running with Unscaled Compressed Oops mode in which the Java heap is
#     placed in the first 4GB address space. The Java Heap base address is the
#     maximum limit for the native heap growth. Please use -XX:HeapBaseMinAddress
#     to set the Java Heap base and to place the Java Heap above 4GB virtual address.
# This output file may be truncated or incomplete.
#
#  Out of Memory Error (virtualSpaceNode.cpp:110), pid=17680, tid=11848
#
# JRE version: OpenJDK Runtime Environment (17.0.2+8) (build 17.0.2+8-86)
# Java VM: OpenJDK 64-Bit Server VM (17.0.2+8-86, mixed mode, sharing, tiered, compressed oops, compressed class ptrs, g1 gc, windows-amd64)
# No core dump will be written. Minidumps are not enabled by default on client versions of Windows
#

---------------  S U M M A R Y ------------

Command Line: -Dcom.sun.management.jmxremote -Dcom.sun.management.jmxremote.port=64185 -Dcom.sun.management.jmxremote.authenticate=false -Dcom.sun.management.jmxremote.ssl=false -Dspring.jmx.enabled=true -Djava.rmi.server.hostname=localhost -Dspring.application.admin.enabled=true -Dspring.boot.project.name=msvc-items -XX:+ShowCodeDetailsInExceptionMessages com.mamglez.springcloud.msvc.items.MsvcItemsApplication

Host: Intel(R) Core(TM) i5-7200U CPU @ 2.50GHz, 4 cores, 3G,  Windows 11 , 64 bit Build 22621 (10.0.22621.3958)
Time: Sun Dec  8 14:27:05 2024 Hora estándar romance elapsed time: 81.833298 seconds (0d 0h 1m 21s)

---------------  T H R E A D  ---------------

Current thread (0x000002910282e670):  JavaThread "restartedMain" [_thread_in_vm, id=11848, stack(0x000000c1d7a00000,0x000000c1d7b00000)]

Stack: [0x000000c1d7a00000,0x000000c1d7b00000]
Native frames: (J=compiled Java code, j=interpreted, Vv=VM code, C=native code)
V  [jvm.dll+0x670baa]
V  [jvm.dll+0x7cfcb4]
V  [jvm.dll+0x7d145e]
V  [jvm.dll+0x7d1ac3]
V  [jvm.dll+0x242bc5]
V  [jvm.dll+0x7cbc5b]
V  [jvm.dll+0x616966]
V  [jvm.dll+0x1be3ee]
V  [jvm.dll+0x6192a1]
V  [jvm.dll+0x617306]
V  [jvm.dll+0x23718f]
V  [jvm.dll+0x621015]
V  [jvm.dll+0x1e7e2b]
V  [jvm.dll+0x1e8365]
V  [jvm.dll+0x1e8d9f]
V  [jvm.dll+0x1de251]
V  [jvm.dll+0x537c30]
V  [jvm.dll+0x74ad28]
V  [jvm.dll+0x74ae14]
V  [jvm.dll+0x408cc5]
V  [jvm.dll+0x40ed18]
C  [java.dll+0x17ec]

Java frames: (J=compiled Java code, j=interpreted, Vv=VM code)
J 1261  java.lang.ClassLoader.defineClass1(Ljava/lang/ClassLoader;Ljava/lang/String;[BIILjava/security/ProtectionDomain;Ljava/lang/String;)Ljava/lang/Class; java.base@17.0.2 (0 bytes) @ 0x00000291748fd163 [0x00000291748fd0a0+0x00000000000000c3]
J 1536 c1 java.lang.ClassLoader.defineClass(Ljava/lang/String;[BIILjava/security/ProtectionDomain;)Ljava/lang/Class; java.base@17.0.2 (43 bytes) @ 0x000002916d6305d4 [0x000002916d630280+0x0000000000000354]
J 1338 c1 java.security.SecureClassLoader.defineClass(Ljava/lang/String;[BIILjava/security/CodeSource;)Ljava/lang/Class; java.base@17.0.2 (16 bytes) @ 0x000002916d5bf88c [0x000002916d5bf7c0+0x00000000000000cc]
J 1266 c1 jdk.internal.loader.BuiltinClassLoader.defineClass(Ljava/lang/String;Ljdk/internal/loader/Resource;)Ljava/lang/Class; java.base@17.0.2 (121 bytes) @ 0x000002916d58c9e4 [0x000002916d58ba80+0x0000000000000f64]
J 1280 c1 jdk.internal.loader.BuiltinClassLoader.findClassOnClassPathOrNull(Ljava/lang/String;)Ljava/lang/Class; java.base@17.0.2 (64 bytes) @ 0x000002916d59645c [0x000002916d5953e0+0x000000000000107c]
J 1182 c1 jdk.internal.loader.BuiltinClassLoader.loadClassOrNull(Ljava/lang/String;Z)Ljava/lang/Class; java.base@17.0.2 (143 bytes) @ 0x000002916d55474c [0x000002916d553840+0x0000000000000f0c]
J 1189 c1 jdk.internal.loader.ClassLoaders$AppClassLoader.loadClass(Ljava/lang/String;Z)Ljava/lang/Class; java.base@17.0.2 (40 bytes) @ 0x000002916d566804 [0x000002916d5661e0+0x0000000000000624]
J 1185 c1 java.lang.ClassLoader.loadClass(Ljava/lang/String;)Ljava/lang/Class; java.base@17.0.2 (7 bytes) @ 0x000002916d555ccc [0x000002916d555bc0+0x000000000000010c]
v  ~StubRoutines::call_stub
J 1037  java.lang.Class.forName0(Ljava/lang/String;ZLjava/lang/ClassLoader;Ljava/lang/Class;)Ljava/lang/Class; java.base@17.0.2 (0 bytes) @ 0x00000291748e252f [0x00000291748e24a0+0x000000000000008f]
J 1040 c1 java.lang.Class.forName(Ljava/lang/String;ZLjava/lang/ClassLoader;)Ljava/lang/Class; java.base@17.0.2 (47 bytes) @ 0x000002916d515214 [0x000002916d514e80+0x0000000000000394]
j  org.springframework.boot.devtools.restart.classloader.RestartClassLoader.loadClass(Ljava/lang/String;Z)Ljava/lang/Class;+90
J 1185 c1 java.lang.ClassLoader.loadClass(Ljava/lang/String;)Ljava/lang/Class; java.base@17.0.2 (7 bytes) @ 0x000002916d555ccc [0x000002916d555bc0+0x000000000000010c]
v  ~StubRoutines::call_stub
J 1037  java.lang.Class.forName0(Ljava/lang/String;ZLjava/lang/ClassLoader;Ljava/lang/Class;)Ljava/lang/Class; java.base@17.0.2 (0 bytes) @ 0x00000291748e252f [0x00000291748e24a0+0x000000000000008f]
J 1040 c1 java.lang.Class.forName(Ljava/lang/String;ZLjava/lang/ClassLoader;)Ljava/lang/Class; java.base@17.0.2 (47 bytes) @ 0x000002916d515214 [0x000002916d514e80+0x0000000000000394]
j  org.springframework.boot.autoconfigure.condition.FilteringSpringBootCondition.resolve(Ljava/lang/String;Ljava/lang/ClassLoader;)Ljava/lang/Class;+7
j  org.springframework.boot.autoconfigure.condition.FilteringSpringBootCondition$ClassNameFilter.isPresent(Ljava/lang/String;Ljava/lang/ClassLoader;)Z+10
j  org.springframework.boot.autoconfigure.condition.FilteringSpringBootCondition$ClassNameFilter$2.matches(Ljava/lang/String;Ljava/lang/ClassLoader;)Z+2
j  org.springframework.boot.autoconfigure.condition.OnClassCondition$StandardOutcomesResolver.getOutcome(Ljava/lang/String;Ljava/lang/ClassLoader;)Lorg/springframework/boot/autoconfigure/condition/ConditionOutcome;+5
j  org.springframework.boot.autoconfigure.condition.OnClassCondition$StandardOutcomesResolver.getOutcome(Ljava/lang/String;)Lorg/springframework/boot/autoconfigure/condition/ConditionOutcome;+15
j  org.springframework.boot.autoconfigure.condition.OnClassCondition$StandardOutcomesResolver.getOutcomes([Ljava/lang/String;IILorg/springframework/boot/autoconfigure/AutoConfigurationMetadata;)[Lorg/springframework/boot/autoconfigure/condition/ConditionOutcome;+55
j  org.springframework.boot.autoconfigure.condition.OnClassCondition$StandardOutcomesResolver.resolveOutcomes()[Lorg/springframework/boot/autoconfigure/condition/ConditionOutcome;+17
j  org.springframework.boot.autoconfigure.condition.OnClassCondition.resolveOutcomesThreaded([Ljava/lang/String;Lorg/springframework/boot/autoconfigure/AutoConfigurationMetadata;)[Lorg/springframework/boot/autoconfigure/condition/ConditionOutcome;+35
j  org.springframework.boot.autoconfigure.condition.OnClassCondition.getOutcomes([Ljava/lang/String;Lorg/springframework/boot/autoconfigure/AutoConfigurationMetadata;)[Lorg/springframework/boot/autoconfigure/condition/ConditionOutcome;+19
j  org.springframework.boot.autoconfigure.condition.FilteringSpringBootCondition.match([Ljava/lang/String;Lorg/springframework/boot/autoconfigure/AutoConfigurationMetadata;)[Z+11
j  org.springframework.boot.autoconfigure.AutoConfigurationImportSelector$ConfigurationClassFilter.filter(Ljava/util/List;)Ljava/util/List;+54
j  org.springframework.boot.autoconfigure.AutoConfigurationImportSelector.getAutoConfigurationEntry(Lorg/springframework/core/type/AnnotationMetadata;)Lorg/springframework/boot/autoconfigure/AutoConfigurationImportSelector$AutoConfigurationEntry;+60
j  org.springframework.boot.autoconfigure.AutoConfigurationImportSelector$AutoConfigurationGroup.process(Lorg/springframework/core/type/AnnotationMetadata;Lorg/springframework/context/annotation/DeferredImportSelector;)V+18
j  org.springframework.context.annotation.ConfigurationClassParser$DeferredImportSelectorGrouping.getImports()Ljava/lang/Iterable;+44
j  org.springframework.context.annotation.ConfigurationClassParser$DeferredImportSelectorGroupingHandler.processGroupImports()V+40
j  org.springframework.context.annotation.ConfigurationClassParser$DeferredImportSelectorHandler.process()V+53
j  org.springframework.context.annotation.ConfigurationClassParser.parse(Ljava/util/Set;)V+158
j  org.springframework.context.annotation.ConfigurationClassPostProcessor.processConfigBeanDefinitions(Lorg/springframework/beans/factory/support/BeanDefinitionRegistry;)V+301
j  org.springframework.context.annotation.ConfigurationClassPostProcessor.postProcessBeanDefinitionRegistry(Lorg/springframework/beans/factory/support/BeanDefinitionRegistry;)V+81
j  org.springframework.context.support.PostProcessorRegistrationDelegate.invokeBeanDefinitionRegistryPostProcessors(Ljava/util/Collection;Lorg/springframework/beans/factory/support/BeanDefinitionRegistry;Lorg/springframework/core/metrics/ApplicationStartup;)V+59
j  org.springframework.context.support.PostProcessorRegistrationDelegate.invokeBeanFactoryPostProcessors(Lorg/springframework/beans/factory/config/ConfigurableListableBeanFactory;Ljava/util/List;)V+238
j  org.springframework.context.support.AbstractApplicationContext.invokeBeanFactoryPostProcessors(Lorg/springframework/beans/factory/config/ConfigurableListableBeanFactory;)V+5
j  org.springframework.context.support.AbstractApplicationContext.refresh()V+62
j  org.springframework.boot.web.servlet.context.ServletWebServerApplicationContext.refresh()V+1
j  org.springframework.boot.SpringApplication.refresh(Lorg/springframework/context/ConfigurableApplicationContext;)V+1
j  org.springframework.boot.SpringApplication.refreshContext(Lorg/springframework/context/ConfigurableApplicationContext;)V+16
j  org.springframework.boot.SpringApplication.run([Ljava/lang/String;)Lorg/springframework/context/ConfigurableApplicationContext;+110
j  org.springframework.boot.SpringApplication.run([Ljava/lang/Class;[Ljava/lang/String;)Lorg/springframework/context/ConfigurableApplicationContext;+9
j  org.springframework.boot.SpringApplication.run(Ljava/lang/Class;[Ljava/lang/String;)Lorg/springframework/context/ConfigurableApplicationContext;+9
j  com.mamglez.springcloud.msvc.items.MsvcItemsApplication.main([Ljava/lang/String;)V+3
v  ~StubRoutines::call_stub
j  jdk.internal.reflect.NativeMethodAccessorImpl.invoke0(Ljava/lang/reflect/Method;Ljava/lang/Object;[Ljava/lang/Object;)Ljava/lang/Object;+0 java.base@17.0.2
j  jdk.internal.reflect.NativeMethodAccessorImpl.invoke(Ljava/lang/Object;[Ljava/lang/Object;)Ljava/lang/Object;+133 java.base@17.0.2
j  jdk.internal.reflect.DelegatingMethodAccessorImpl.invoke(Ljava/lang/Object;[Ljava/lang/Object;)Ljava/lang/Object;+6 java.base@17.0.2
j  java.lang.reflect.Method.invoke(Ljava/lang/Object;[Ljava/lang/Object;)Ljava/lang/Object;+59 java.base@17.0.2
j  org.springframework.boot.devtools.restart.RestartLauncher.run()V+47
v  ~StubRoutines::call_stub

---------------  P R O C E S S  ---------------

Threads class SMR info:
_java_thread_list=0x000002917e8675b0, length=17, elements={
0x0000029165598120, 0x000002916563f570, 0x0000029165642e30, 0x000002917e827c50,
0x000002917e828800, 0x000002917e82b5c0, 0x000002917e82bf70, 0x000002917e82dd10,
0x000002917e83fb20, 0x000002917e899c40, 0x0000029165626ec0, 0x000002917f4fc6d0,
0x000002917fb471d0, 0x000002917fb646e0, 0x000002917fb2e6a0, 0x000002910282c190,
0x000002910282e670
}

Java Threads: ( => current thread )
  0x0000029165598120 JavaThread "main" [_thread_blocked, id=1808, stack(0x000000c1d7b00000,0x000000c1d7c00000)]
  0x000002916563f570 JavaThread "Reference Handler" daemon [_thread_blocked, id=140, stack(0x000000c1d8200000,0x000000c1d8300000)]
  0x0000029165642e30 JavaThread "Finalizer" daemon [_thread_blocked, id=2376, stack(0x000000c1d8300000,0x000000c1d8400000)]
  0x000002917e827c50 JavaThread "Signal Dispatcher" daemon [_thread_blocked, id=2080, stack(0x000000c1d8400000,0x000000c1d8500000)]
  0x000002917e828800 JavaThread "Attach Listener" daemon [_thread_blocked, id=4912, stack(0x000000c1d8500000,0x000000c1d8600000)]
  0x000002917e82b5c0 JavaThread "Service Thread" daemon [_thread_blocked, id=10668, stack(0x000000c1d8600000,0x000000c1d8700000)]
  0x000002917e82bf70 JavaThread "Monitor Deflation Thread" daemon [_thread_blocked, id=20792, stack(0x000000c1d8700000,0x000000c1d8800000)]
  0x000002917e82dd10 JavaThread "C2 CompilerThread0" daemon [_thread_blocked, id=5780, stack(0x000000c1d8800000,0x000000c1d8900000)]
  0x000002917e83fb20 JavaThread "C1 CompilerThread0" daemon [_thread_blocked, id=9932, stack(0x000000c1d8900000,0x000000c1d8a00000)]
  0x000002917e899c40 JavaThread "Sweeper thread" daemon [_thread_blocked, id=19488, stack(0x000000c1d8a00000,0x000000c1d8b00000)]
  0x0000029165626ec0 JavaThread "Common-Cleaner" daemon [_thread_blocked, id=20220, stack(0x000000c1d8b00000,0x000000c1d8c00000)]
  0x000002917f4fc6d0 JavaThread "Notification Thread" daemon [_thread_blocked, id=496, stack(0x000000c1d8c00000,0x000000c1d8d00000)]
  0x000002917fb471d0 JavaThread "RMI TCP Accept-0" daemon [_thread_in_native, id=13124, stack(0x000000c1d8d00000,0x000000c1d8e00000)]
  0x000002917fb646e0 JavaThread "RMI TCP Accept-64185" daemon [_thread_in_native, id=17520, stack(0x000000c1d8e00000,0x000000c1d8f00000)]
  0x000002917fb2e6a0 JavaThread "RMI TCP Accept-0" daemon [_thread_in_native, id=3456, stack(0x000000c1d8f00000,0x000000c1d9000000)]
  0x000002910282c190 JavaThread "Thread-0" [_thread_blocked, id=4056, stack(0x000000c1d7800000,0x000000c1d7900000)]
=>0x000002910282e670 JavaThread "restartedMain" [_thread_in_vm, id=11848, stack(0x000000c1d7a00000,0x000000c1d7b00000)]

Other Threads:
  0x000002916563add0 VMThread "VM Thread" [stack: 0x000000c1d8100000,0x000000c1d8200000] [id=3904]
  0x0000029165598da0 WatcherThread [stack: 0x000000c1d9000000,0x000000c1d9100000] [id=10680]
  0x00000291655d1130 GCTaskThread "GC Thread#0" [stack: 0x000000c1d7c00000,0x000000c1d7d00000] [id=6104]
  0x0000029165599030 GCTaskThread "GC Thread#1" [stack: 0x000000c1d9100000,0x000000c1d9200000] [id=14652]
  0x000002917fd03150 GCTaskThread "GC Thread#2" [stack: 0x000000c1d9200000,0x000000c1d9300000] [id=13156]
  0x000002917fd03400 GCTaskThread "GC Thread#3" [stack: 0x000000c1d9300000,0x000000c1d9400000] [id=9648]
  0x00000291655db080 ConcurrentGCThread "G1 Main Marker" [stack: 0x000000c1d7d00000,0x000000c1d7e00000] [id=20952]
  0x00000291655dba90 ConcurrentGCThread "G1 Conc#0" [stack: 0x000000c1d7e00000,0x000000c1d7f00000] [id=7456]
  0x0000029165618f20 ConcurrentGCThread "G1 Refine#0" [stack: 0x000000c1d7f00000,0x000000c1d8000000] [id=18528]
  0x000002916561b950 ConcurrentGCThread "G1 Service" [stack: 0x000000c1d8000000,0x000000c1d8100000] [id=12144]

Threads with active compile tasks:

VM state: not at safepoint (normal execution)

VM Mutex/Monitor currently owned by a thread:  ([mutex/lock_event])
[0x00000291655927f0] Metaspace_lock - owner thread: 0x000002910282e670

Heap address: 0x00000000c0000000, size: 1024 MB, Compressed Oops mode: 32-bit

CDS archive(s) mapped at: [0x0000000800000000-0x0000000800bc0000-0x0000000800bc0000), size 12320768, SharedBaseAddress: 0x0000000800000000, ArchiveRelocationMode: 0.
Compressed class space mapped at: 0x0000000800c00000-0x0000000840c00000, reserved size: 1073741824
Narrow klass base: 0x0000000800000000, Narrow klass shift: 0, Narrow klass range: 0x100000000

GC Precious Log:
 CPUs: 4 total, 4 available
 Memory: 4094M
 Large Page Support: Disabled
 NUMA Support: Disabled
 Compressed Oops: Enabled (32-bit)
 Heap Region Size: 1M
 Heap Min Capacity: 8M
 Heap Initial Capacity: 64M
 Heap Max Capacity: 1G
 Pre-touch: Disabled
 Parallel Workers: 4
 Concurrent Workers: 1
 Concurrent Refinement Workers: 4
 Periodic GC: Disabled

Heap:
 garbage-first heap   total 65536K, used 19984K [0x00000000c0000000, 0x0000000100000000)
  region size 1024K, 14 young (14336K), 4 survivors (4096K)
 Metaspace       used 20339K, committed 20544K, reserved 1073152K
  class space    used 2463K, committed 2560K, reserved 1048576K

Heap Regions: E=young(eden), S=young(survivor), O=old, HS=humongous(starts), HC=humongous(continues), CS=collection set, F=free, OA=open archive, CA=closed archive, TAMS=top-at-mark-start (previous, next)
|   0|0x00000000c0000000, 0x00000000c0100000, 0x00000000c0100000|100%|HS|  |TAMS 0x00000000c0000000, 0x00000000c0000000| Complete 
|   1|0x00000000c0100000, 0x00000000c0200000, 0x00000000c0200000|100%| O|  |TAMS 0x00000000c0100000, 0x00000000c0100000| Untracked 
|   2|0x00000000c0200000, 0x00000000c0300000, 0x00000000c0300000|100%| O|  |TAMS 0x00000000c0200000, 0x00000000c0200000| Untracked 
|   3|0x00000000c0300000, 0x00000000c0400000, 0x00000000c0400000|100%| O|  |TAMS 0x00000000c0300000, 0x00000000c0300000| Untracked 
|   4|0x00000000c0400000, 0x00000000c0500000, 0x00000000c0500000|100%| O|  |TAMS 0x00000000c0400000, 0x00000000c0400000| Untracked 
|   5|0x00000000c0500000, 0x00000000c0600000, 0x00000000c0600000|100%| O|  |TAMS 0x00000000c0500000, 0x00000000c0500000| Untracked 
|   6|0x00000000c0600000, 0x00000000c0700000, 0x00000000c0700000|100%| O|  |TAMS 0x00000000c0600000, 0x00000000c0600000| Untracked 
|   7|0x00000000c0700000, 0x00000000c078ce00, 0x00000000c0800000| 55%| O|  |TAMS 0x00000000c0700000, 0x00000000c0700000| Untracked 
|   8|0x00000000c0800000, 0x00000000c0800000, 0x00000000c0900000|  0%| F|  |TAMS 0x00000000c0800000, 0x00000000c0800000| Untracked 
|   9|0x00000000c0900000, 0x00000000c0900000, 0x00000000c0a00000|  0%| F|  |TAMS 0x00000000c0900000, 0x00000000c0900000| Untracked 
|  10|0x00000000c0a00000, 0x00000000c0a00000, 0x00000000c0b00000|  0%| F|  |TAMS 0x00000000c0a00000, 0x00000000c0a00000| Untracked 
|  11|0x00000000c0b00000, 0x00000000c0b00000, 0x00000000c0c00000|  0%| F|  |TAMS 0x00000000c0b00000, 0x00000000c0b00000| Untracked 
|  12|0x00000000c0c00000, 0x00000000c0c00000, 0x00000000c0d00000|  0%| F|  |TAMS 0x00000000c0c00000, 0x00000000c0c00000| Untracked 
|  13|0x00000000c0d00000, 0x00000000c0d00000, 0x00000000c0e00000|  0%| F|  |TAMS 0x00000000c0d00000, 0x00000000c0d00000| Untracked 
|  14|0x00000000c0e00000, 0x00000000c0e00000, 0x00000000c0f00000|  0%| F|  |TAMS 0x00000000c0e00000, 0x00000000c0e00000| Untracked 
|  15|0x00000000c0f00000, 0x00000000c0f00000, 0x00000000c1000000|  0%| F|  |TAMS 0x00000000c0f00000, 0x00000000c0f00000| Untracked 
|  16|0x00000000c1000000, 0x00000000c1000000, 0x00000000c1100000|  0%| F|  |TAMS 0x00000000c1000000, 0x00000000c1000000| Untracked 
|  17|0x00000000c1100000, 0x00000000c1100000, 0x00000000c1200000|  0%| F|  |TAMS 0x00000000c1100000, 0x00000000c1100000| Untracked 
|  18|0x00000000c1200000, 0x00000000c1200000, 0x00000000c1300000|  0%| F|  |TAMS 0x00000000c1200000, 0x00000000c1200000| Untracked 
|  19|0x00000000c1300000, 0x00000000c1300000, 0x00000000c1400000|  0%| F|  |TAMS 0x00000000c1300000, 0x00000000c1300000| Untracked 
|  20|0x00000000c1400000, 0x00000000c1400000, 0x00000000c1500000|  0%| F|  |TAMS 0x00000000c1400000, 0x00000000c1400000| Untracked 
|  21|0x00000000c1500000, 0x00000000c1500000, 0x00000000c1600000|  0%| F|  |TAMS 0x00000000c1500000, 0x00000000c1500000| Untracked 
|  22|0x00000000c1600000, 0x00000000c1600000, 0x00000000c1700000|  0%| F|  |TAMS 0x00000000c1600000, 0x00000000c1600000| Untracked 
|  23|0x00000000c1700000, 0x00000000c1700000, 0x00000000c1800000|  0%| F|  |TAMS 0x00000000c1700000, 0x00000000c1700000| Untracked 
|  24|0x00000000c1800000, 0x00000000c18f7500, 0x00000000c1900000| 96%| S|CS|TAMS 0x00000000c1800000, 0x00000000c1800000| Complete 
|  25|0x00000000c1900000, 0x00000000c1a00000, 0x00000000c1a00000|100%| S|CS|TAMS 0x00000000c1900000, 0x00000000c1900000| Complete 
|  26|0x00000000c1a00000, 0x00000000c1b00000, 0x00000000c1b00000|100%| S|CS|TAMS 0x00000000c1a00000, 0x00000000c1a00000| Complete 
|  27|0x00000000c1b00000, 0x00000000c1c00000, 0x00000000c1c00000|100%| S|CS|TAMS 0x00000000c1b00000, 0x00000000c1b00000| Complete 
|  28|0x00000000c1c00000, 0x00000000c1c00000, 0x00000000c1d00000|  0%| F|  |TAMS 0x00000000c1c00000, 0x00000000c1c00000| Untracked 
|  29|0x00000000c1d00000, 0x00000000c1d00000, 0x00000000c1e00000|  0%| F|  |TAMS 0x00000000c1d00000, 0x00000000c1d00000| Untracked 
|  30|0x00000000c1e00000, 0x00000000c1e00000, 0x00000000c1f00000|  0%| F|  |TAMS 0x00000000c1e00000, 0x00000000c1e00000| Untracked 
|  31|0x00000000c1f00000, 0x00000000c1f00000, 0x00000000c2000000|  0%| F|  |TAMS 0x00000000c1f00000, 0x00000000c1f00000| Untracked 
|  32|0x00000000c2000000, 0x00000000c2000000, 0x00000000c2100000|  0%| F|  |TAMS 0x00000000c2000000, 0x00000000c2000000| Untracked 
|  33|0x00000000c2100000, 0x00000000c2100000, 0x00000000c2200000|  0%| F|  |TAMS 0x00000000c2100000, 0x00000000c2100000| Untracked 
|  34|0x00000000c2200000, 0x00000000c2200000, 0x00000000c2300000|  0%| F|  |TAMS 0x00000000c2200000, 0x00000000c2200000| Untracked 
|  35|0x00000000c2300000, 0x00000000c2300000, 0x00000000c2400000|  0%| F|  |TAMS 0x00000000c2300000, 0x00000000c2300000| Untracked 
|  36|0x00000000c2400000, 0x00000000c2400000, 0x00000000c2500000|  0%| F|  |TAMS 0x00000000c2400000, 0x00000000c2400000| Untracked 
|  37|0x00000000c2500000, 0x00000000c2500000, 0x00000000c2600000|  0%| F|  |TAMS 0x00000000c2500000, 0x00000000c2500000| Untracked 
|  38|0x00000000c2600000, 0x00000000c2600000, 0x00000000c2700000|  0%| F|  |TAMS 0x00000000c2600000, 0x00000000c2600000| Untracked 
|  39|0x00000000c2700000, 0x00000000c2700000, 0x00000000c2800000|  0%| F|  |TAMS 0x00000000c2700000, 0x00000000c2700000| Untracked 
|  40|0x00000000c2800000, 0x00000000c2800000, 0x00000000c2900000|  0%| F|  |TAMS 0x00000000c2800000, 0x00000000c2800000| Untracked 
|  41|0x00000000c2900000, 0x00000000c2900000, 0x00000000c2a00000|  0%| F|  |TAMS 0x00000000c2900000, 0x00000000c2900000| Untracked 
|  42|0x00000000c2a00000, 0x00000000c2a00000, 0x00000000c2b00000|  0%| F|  |TAMS 0x00000000c2a00000, 0x00000000c2a00000| Untracked 
|  43|0x00000000c2b00000, 0x00000000c2b00000, 0x00000000c2c00000|  0%| F|  |TAMS 0x00000000c2b00000, 0x00000000c2b00000| Untracked 
|  44|0x00000000c2c00000, 0x00000000c2c00000, 0x00000000c2d00000|  0%| F|  |TAMS 0x00000000c2c00000, 0x00000000c2c00000| Untracked 
|  45|0x00000000c2d00000, 0x00000000c2d00000, 0x00000000c2e00000|  0%| F|  |TAMS 0x00000000c2d00000, 0x00000000c2d00000| Untracked 
|  46|0x00000000c2e00000, 0x00000000c2e00000, 0x00000000c2f00000|  0%| F|  |TAMS 0x00000000c2e00000, 0x00000000c2e00000| Untracked 
|  47|0x00000000c2f00000, 0x00000000c2f00000, 0x00000000c3000000|  0%| F|  |TAMS 0x00000000c2f00000, 0x00000000c2f00000| Untracked 
|  48|0x00000000c3000000, 0x00000000c3000000, 0x00000000c3100000|  0%| F|  |TAMS 0x00000000c3000000, 0x00000000c3000000| Untracked 
|  49|0x00000000c3100000, 0x00000000c3100000, 0x00000000c3200000|  0%| F|  |TAMS 0x00000000c3100000, 0x00000000c3100000| Untracked 
|  50|0x00000000c3200000, 0x00000000c3200000, 0x00000000c3300000|  0%| F|  |TAMS 0x00000000c3200000, 0x00000000c3200000| Untracked 
|  51|0x00000000c3300000, 0x00000000c3300000, 0x00000000c3400000|  0%| F|  |TAMS 0x00000000c3300000, 0x00000000c3300000| Untracked 
|  52|0x00000000c3400000, 0x00000000c3400000, 0x00000000c3500000|  0%| F|  |TAMS 0x00000000c3400000, 0x00000000c3400000| Untracked 
|  53|0x00000000c3500000, 0x00000000c3500000, 0x00000000c3600000|  0%| F|  |TAMS 0x00000000c3500000, 0x00000000c3500000| Untracked 
|  54|0x00000000c3600000, 0x00000000c36c21b0, 0x00000000c3700000| 75%| E|  |TAMS 0x00000000c3600000, 0x00000000c3600000| Complete 
|  55|0x00000000c3700000, 0x00000000c3800000, 0x00000000c3800000|100%| E|CS|TAMS 0x00000000c3700000, 0x00000000c3700000| Complete 
|  56|0x00000000c3800000, 0x00000000c3900000, 0x00000000c3900000|100%| E|  |TAMS 0x00000000c3800000, 0x00000000c3800000| Complete 
|  57|0x00000000c3900000, 0x00000000c3a00000, 0x00000000c3a00000|100%| E|CS|TAMS 0x00000000c3900000, 0x00000000c3900000| Complete 
|  58|0x00000000c3a00000, 0x00000000c3b00000, 0x00000000c3b00000|100%| E|CS|TAMS 0x00000000c3a00000, 0x00000000c3a00000| Complete 
|  59|0x00000000c3b00000, 0x00000000c3c00000, 0x00000000c3c00000|100%| E|CS|TAMS 0x00000000c3b00000, 0x00000000c3b00000| Complete 
|  60|0x00000000c3c00000, 0x00000000c3d00000, 0x00000000c3d00000|100%| E|CS|TAMS 0x00000000c3c00000, 0x00000000c3c00000| Complete 
|  61|0x00000000c3d00000, 0x00000000c3e00000, 0x00000000c3e00000|100%| E|CS|TAMS 0x00000000c3d00000, 0x00000000c3d00000| Complete 
|  62|0x00000000c3e00000, 0x00000000c3f00000, 0x00000000c3f00000|100%| E|CS|TAMS 0x00000000c3e00000, 0x00000000c3e00000| Complete 
|  63|0x00000000c3f00000, 0x00000000c4000000, 0x00000000c4000000|100%| E|CS|TAMS 0x00000000c3f00000, 0x00000000c3f00000| Complete 

Card table byte_map: [0x000002917bfc0000,0x000002917c1c0000] _byte_map_base: 0x000002917b9c0000

Marking Bits (Prev, Next): (CMBitMap*) 0x00000291655d2750, (CMBitMap*) 0x00000291655d2790
 Prev Bits: [0x000002917c3c0000, 0x000002917d3c0000)
 Next Bits: [0x000002917d3c0000, 0x000002917e3c0000)

Polling page: 0x0000029164d50000

Metaspace:

Usage:
  Non-class:     17.46 MB used.
      Class:      2.41 MB used.
       Both:     19.86 MB used.

Virtual space:
  Non-class space:       24.00 MB reserved,      17.56 MB ( 73%) committed,  3 nodes.
      Class space:        1.00 GB reserved,       2.50 MB ( <1%) committed,  1 nodes.
             Both:        1.02 GB reserved,      20.06 MB (  2%) committed. 

Chunk freelists:
   Non-Class:  2.30 MB
       Class:  1.44 MB
        Both:  3.73 MB

MaxMetaspaceSize: unlimited
CompressedClassSpaceSize: 1.00 GB
Initial GC threshold: 21.00 MB
Current GC threshold: 21.00 MB
CDS: on
MetaspaceReclaimPolicy: balanced
 - commit_granule_bytes: 65536.
 - commit_granule_words: 8192.
 - virtual_space_node_default_size: 1048576.
 - enlarge_chunks_in_place: 1.
 - new_chunks_are_fully_committed: 0.
 - uncommit_free_chunks: 1.
 - use_allocation_guard: 0.
 - handle_deallocations: 1.


Internal statistics:

num_allocs_failed_limit: 0.
num_arena_births: 274.
num_arena_deaths: 0.
num_vsnodes_births: 4.
num_vsnodes_deaths: 0.
num_space_committed: 321.
num_space_uncommitted: 0.
num_chunks_returned_to_freelist: 0.
num_chunks_taken_from_freelist: 832.
num_chunk_merges: 0.
num_chunk_splits: 585.
num_chunks_enlarged: 453.
num_purges: 0.
num_inconsistent_stats: 0.

CodeHeap 'non-profiled nmethods': size=120000Kb used=1274Kb max_used=1274Kb free=118725Kb
 bounds [0x0000029174890000, 0x0000029174b00000, 0x000002917bdc0000]
CodeHeap 'profiled nmethods': size=120000Kb used=5240Kb max_used=5240Kb free=114759Kb
 bounds [0x000002916d360000, 0x000002916d880000, 0x0000029174890000]
CodeHeap 'non-nmethods': size=5760Kb used=1211Kb max_used=1266Kb free=4548Kb
 bounds [0x000002916cdc0000, 0x000002916d030000, 0x000002916d360000]
 total_blobs=3133 nmethods=2619 adapters=426
 compilation: enabled
              stopped_count=0, restarted_count=0
 full_count=0

Compilation events (20 events):
Event: 79.498 Thread 0x000002917e83fb20 2620  s    3       java.io.ByteArrayOutputStream::write (43 bytes)
Event: 79.499 Thread 0x000002917e83fb20 nmethod 2620 0x000002916d873690 code [0x000002916d873860, 0x000002916d873d08]
Event: 79.537 Thread 0x000002917e83fb20 2621       3       java.lang.ReflectiveOperationException::<init> (7 bytes)
Event: 79.537 Thread 0x000002917e83fb20 nmethod 2621 0x000002916d873f10 code [0x000002916d8740c0, 0x000002916d874248]
Event: 79.687 Thread 0x000002917e83fb20 2622       3       java.lang.ClassNotFoundException::<init> (7 bytes)
Event: 79.688 Thread 0x000002917e83fb20 nmethod 2622 0x000002916d874310 code [0x000002916d8744c0, 0x000002916d8746c8]
Event: 79.693 Thread 0x000002917e83fb20 2623       3       java.lang.invoke.LambdaForm$MH/0x0000000800c06c00::invoke (148 bytes)
Event: 79.694 Thread 0x000002917e83fb20 nmethod 2623 0x000002916d874810 code [0x000002916d874a80, 0x000002916d875c08]
Event: 79.711 Thread 0x000002917e83fb20 2624       3       java.lang.ClassLoader::getParent (32 bytes)
Event: 79.713 Thread 0x000002917e83fb20 nmethod 2624 0x000002916d876090 code [0x000002916d8762c0, 0x000002916d876c58]
Event: 79.722 Thread 0x000002917e83fb20 2625   !   3       java.util.jar.Attributes::read (494 bytes)
Event: 79.727 Thread 0x000002917e83fb20 nmethod 2625 0x000002916d876f10 code [0x000002916d877700, 0x000002916d87b848]
Event: 79.779 Thread 0x000002917e82dd10 2626       4       java.net.URLStreamHandler::parseURL (1201 bytes)
Event: 80.187 Thread 0x000002917e82dd10 nmethod 2626 0x00000291749c7910 code [0x00000291749c7be0, 0x00000291749cbf70]
Event: 80.188 Thread 0x000002917e82dd10 2627       4       sun.net.www.protocol.file.Handler::parseURL (18 bytes)
Event: 80.208 Thread 0x000002917e83fb20 2629       3       java.lang.invoke.LambdaForm$MH/0x0000000800c03400::invoke (25 bytes)
Event: 80.209 Thread 0x000002917e83fb20 nmethod 2629 0x000002916d87d210 code [0x000002916d87d3e0, 0x000002916d87d938]
Event: 80.217 Thread 0x000002917e82dd10 nmethod 2627 0x00000291749ce010 code [0x00000291749ce1c0, 0x00000291749ce7e8]
Event: 80.574 Thread 0x000002917e83fb20 2630       3       java.lang.Throwable::<init> (39 bytes)
Event: 80.576 Thread 0x000002917e83fb20 nmethod 2630 0x000002916d87da90 code [0x000002916d87dc60, 0x000002916d87e088]

GC Heap History (8 events):
Event: 52.614 GC heap before
{Heap before GC invocations=0 (full 0):
 garbage-first heap   total 65536K, used 14336K [0x00000000c0000000, 0x0000000100000000)
  region size 1024K, 13 young (13312K), 0 survivors (0K)
 Metaspace       used 4895K, committed 5056K, reserved 1056768K
  class space    used 536K, committed 640K, reserved 1048576K
}
Event: 52.707 GC heap after
{Heap after GC invocations=1 (full 0):
 garbage-first heap   total 65536K, used 7344K [0x00000000c0000000, 0x0000000100000000)
  region size 1024K, 2 young (2048K), 2 survivors (2048K)
 Metaspace       used 4895K, committed 5056K, reserved 1056768K
  class space    used 536K, committed 640K, reserved 1048576K
}
Event: 58.811 GC heap before
{Heap before GC invocations=1 (full 0):
 garbage-first heap   total 65536K, used 17584K [0x00000000c0000000, 0x0000000100000000)
  region size 1024K, 12 young (12288K), 2 survivors (2048K)
 Metaspace       used 7873K, committed 8000K, reserved 1056768K
  class space    used 896K, committed 960K, reserved 1048576K
}
Event: 58.817 GC heap after
{Heap after GC invocations=2 (full 0):
 garbage-first heap   total 65536K, used 8871K [0x00000000c0000000, 0x0000000100000000)
  region size 1024K, 2 young (2048K), 2 survivors (2048K)
 Metaspace       used 7873K, committed 8000K, reserved 1056768K
  class space    used 896K, committed 960K, reserved 1048576K
}
Event: 63.080 GC heap before
{Heap before GC invocations=2 (full 0):
 garbage-first heap   total 65536K, used 29351K [0x00000000c0000000, 0x0000000100000000)
  region size 1024K, 21 young (21504K), 2 survivors (2048K)
 Metaspace       used 10668K, committed 10880K, reserved 1064960K
  class space    used 1266K, committed 1344K, reserved 1048576K
}
Event: 63.086 GC heap after
{Heap after GC invocations=3 (full 0):
 garbage-first heap   total 65536K, used 9738K [0x00000000c0000000, 0x0000000100000000)
  region size 1024K, 2 young (2048K), 2 survivors (2048K)
 Metaspace       used 10668K, committed 10880K, reserved 1064960K
  class space    used 1266K, committed 1344K, reserved 1048576K
}
Event: 75.230 GC heap before
{Heap before GC invocations=3 (full 0):
 garbage-first heap   total 65536K, used 43530K [0x00000000c0000000, 0x0000000100000000)
  region size 1024K, 36 young (36864K), 2 survivors (2048K)
 Metaspace       used 18626K, committed 18944K, reserved 1073152K
  class space    used 2287K, committed 2432K, reserved 1048576K
}
Event: 75.247 GC heap after
{Heap after GC invocations=4 (full 0):
 garbage-first heap   total 65536K, used 11792K [0x00000000c0000000, 0x0000000100000000)
  region size 1024K, 4 young (4096K), 4 survivors (4096K)
 Metaspace       used 18626K, committed 18944K, reserved 1073152K
  class space    used 2287K, committed 2432K, reserved 1048576K
}

Deoptimization events (20 events):
Event: 76.579 Thread 0x000002917fe55fa0 Uncommon trap: trap_request=0xffffffde fr.pc=0x000002917492dd78 relative=0x00000000000007f8
Event: 76.579 Thread 0x000002917fe55fa0 Uncommon trap: reason=class_check action=maybe_recompile pc=0x000002917492dd78 method=java.util.HashMap.putVal(ILjava/lang/Object;Ljava/lang/Object;ZZ)Ljava/lang/Object; @ 203 c2
Event: 76.579 Thread 0x000002917fe55fa0 DEOPT PACKING pc=0x000002917492dd78 sp=0x000000c1d96fca30
Event: 76.579 Thread 0x000002917fe55fa0 DEOPT UNPACKING pc=0x000002916ce123a3 sp=0x000000c1d96fc9b0 mode 2
Event: 76.791 Thread 0x000002917fe55fa0 Uncommon trap: trap_request=0xffffff45 fr.pc=0x00000291749bb2e4 relative=0x00000000000001e4
Event: 76.791 Thread 0x000002917fe55fa0 Uncommon trap: reason=unstable_if action=reinterpret pc=0x00000291749bb2e4 method=java.util.HashMap.putVal(ILjava/lang/Object;Ljava/lang/Object;ZZ)Ljava/lang/Object; @ 162 c2
Event: 76.791 Thread 0x000002917fe55fa0 DEOPT PACKING pc=0x00000291749bb2e4 sp=0x000000c1d96fd700
Event: 76.791 Thread 0x000002917fe55fa0 DEOPT UNPACKING pc=0x000002916ce123a3 sp=0x000000c1d96fd690 mode 2
Event: 78.165 Thread 0x000002910282e670 Uncommon trap: trap_request=0xffffff45 fr.pc=0x0000029174990d40 relative=0x00000000000002a0
Event: 78.165 Thread 0x000002910282e670 Uncommon trap: reason=unstable_if action=reinterpret pc=0x0000029174990d40 method=java.util.WeakHashMap.expungeStaleEntries()V @ 9 c2
Event: 78.165 Thread 0x000002910282e670 DEOPT PACKING pc=0x0000029174990d40 sp=0x000000c1d7afdde0
Event: 78.165 Thread 0x000002910282e670 DEOPT UNPACKING pc=0x000002916ce123a3 sp=0x000000c1d7afdd78 mode 2
Event: 78.428 Thread 0x000002910282e670 Uncommon trap: trap_request=0xffffff76 fr.pc=0x00000291749c0124 relative=0x00000000000003e4
Event: 78.428 Thread 0x000002910282e670 Uncommon trap: reason=predicate action=maybe_recompile pc=0x00000291749c0124 method=java.util.AbstractCollection.toArray([Ljava/lang/Object;)[Ljava/lang/Object; @ 43 c2
Event: 78.428 Thread 0x000002910282e670 DEOPT PACKING pc=0x00000291749c0124 sp=0x000000c1d7afdb80
Event: 78.428 Thread 0x000002910282e670 DEOPT UNPACKING pc=0x000002916ce123a3 sp=0x000000c1d7afdb28 mode 2
Event: 78.596 Thread 0x000002910282e670 DEOPT PACKING pc=0x000002916d452566 sp=0x000000c1d7afde40
Event: 78.596 Thread 0x000002910282e670 DEOPT UNPACKING pc=0x000002916ce12b43 sp=0x000000c1d7afd330 mode 0
Event: 78.599 Thread 0x000002910282e670 DEOPT PACKING pc=0x000002916d452566 sp=0x000000c1d7afde40
Event: 78.599 Thread 0x000002910282e670 DEOPT UNPACKING pc=0x000002916ce12b43 sp=0x000000c1d7afd330 mode 0

Classes unloaded (0 events):
No events

Classes redefined (0 events):
No events

Internal exceptions (20 events):
Event: 65.736 Thread 0x000002910282e670 Exception <a 'java/lang/NoSuchMethodError'{0x00000000c3b1afd0}: 'void java.lang.invoke.DirectMethodHandle$Holder.invokeStaticInit(java.lang.Object, java.lang.Object, java.lang.Object)'> (0x00000000c3b1afd0) 
thrown [t:\workspace\open\src\hotspot\share\interpreter\linkResolver.cpp, line 766]
Event: 65.749 Thread 0x000002910282e670 Exception <a 'java/lang/NoSuchMethodError'{0x00000000c3b3bba8}: 'java.lang.Object java.lang.invoke.DirectMethodHandle$Holder.invokeVirtual(java.lang.Object, java.lang.Object, java.lang.Object)'> (0x00000000c3b3bba8) 
thrown [t:\workspace\open\src\hotspot\share\interpreter\linkResolver.cpp, line 766]
Event: 65.839 Thread 0x000002910282e670 Exception <a 'java/lang/NoSuchMethodError'{0x00000000c3b5e6d0}: 'java.lang.Object java.lang.invoke.DirectMethodHandle$Holder.invokeStatic(java.lang.Object, java.lang.Object, long, java.lang.Object)'> (0x00000000c3b5e6d0) 
thrown [t:\workspace\open\src\hotspot\share\interpreter\linkResolver.cpp, line 766]
Event: 65.840 Thread 0x000002910282e670 Exception <a 'java/lang/NoSuchMethodError'{0x00000000c3b62168}: 'java.lang.Object java.lang.invoke.DirectMethodHandle$Holder.invokeStaticInit(java.lang.Object, java.lang.Object, long, java.lang.Object)'> (0x00000000c3b62168) 
thrown [t:\workspace\open\src\hotspot\share\interpreter\linkResolver.cpp, line 766]
Event: 65.841 Thread 0x000002910282e670 Exception <a 'java/lang/NoSuchMethodError'{0x00000000c3b68498}: 'java.lang.Object java.lang.invoke.DirectMethodHandle$Holder.newInvokeSpecial(java.lang.Object, java.lang.Object, long)'> (0x00000000c3b68498) 
thrown [t:\workspace\open\src\hotspot\share\interpreter\linkResolver.cpp, line 766]
Event: 65.842 Thread 0x000002910282e670 Exception <a 'java/lang/NoSuchMethodError'{0x00000000c3b6c008}: 'java.lang.Object java.lang.invoke.Invokers$Holder.linkToTargetMethod(java.lang.Object, long, java.lang.Object)'> (0x00000000c3b6c008) 
thrown [t:\workspace\open\src\hotspot\share\interpreter\linkResolver.cpp, line 766]
Event: 65.922 Thread 0x000002910282e670 Exception <a 'java/lang/NoSuchMethodError'{0x00000000c3bd11d0}: 'void java.lang.invoke.DirectMethodHandle$Holder.invokeVirtual(java.lang.Object, java.lang.Object, java.lang.Object, java.lang.Object)'> (0x00000000c3bd11d0) 
thrown [t:\workspace\open\src\hotspot\share\interpreter\linkResolver.cpp, line 766]
Event: 66.183 Thread 0x000002910282e670 Exception <a 'java/lang/NoSuchMethodError'{0x00000000c393d1d8}: 'void java.lang.invoke.DirectMethodHandle$Holder.invokeSpecial(java.lang.Object, java.lang.Object, java.lang.Object)'> (0x00000000c393d1d8) 
thrown [t:\workspace\open\src\hotspot\share\interpreter\linkResolver.cpp, line 766]
Event: 66.217 Thread 0x000002910282e670 Exception <a 'java/lang/IncompatibleClassChangeError'{0x00000000c396af68}: Found class java.lang.Object, but interface was expected> (0x00000000c396af68) 
thrown [t:\workspace\open\src\hotspot\share\interpreter\linkResolver.cpp, line 833]
Event: 66.389 Thread 0x000002917fe55fa0 Exception <a 'java/lang/NoClassDefFoundError'{0x00000000c39b66b0}: jakarta/validation/Validation> (0x00000000c39b66b0) 
thrown [t:\workspace\open\src\hotspot\share\classfile\systemDictionary.cpp, line 245]
Event: 69.654 Thread 0x000002910282e670 Exception <a 'java/lang/NoSuchMethodError'{0x00000000c2fc48e0}: 'java.lang.Object java.lang.invoke.DirectMethodHandle$Holder.invokeStatic(java.lang.Object, int, java.lang.Object)'> (0x00000000c2fc48e0) 
thrown [t:\workspace\open\src\hotspot\share\interpreter\linkResolver.cpp, line 766]
Event: 74.663 Thread 0x000002917fe55fa0 Exception <a 'java/lang/NoSuchMethodError'{0x00000000c1c1b0e8}: 'long java.lang.invoke.DirectMethodHandle$Holder.invokeSpecial(java.lang.Object, java.lang.Object)'> (0x00000000c1c1b0e8) 
thrown [t:\workspace\open\src\hotspot\share\interpreter\linkResolver.cpp, line 766]
Event: 74.672 Thread 0x000002917fe55fa0 Exception <a 'java/lang/NoSuchMethodError'{0x00000000c1c25c90}: 'long java.lang.invoke.DirectMethodHandle$Holder.invokeStatic(java.lang.Object, java.lang.Object)'> (0x00000000c1c25c90) 
thrown [t:\workspace\open\src\hotspot\share\interpreter\linkResolver.cpp, line 766]
Event: 74.679 Thread 0x000002917fe55fa0 Exception <a 'java/lang/NoSuchMethodError'{0x00000000c1c28fe8}: 'long java.lang.invoke.DirectMethodHandle$Holder.invokeStaticInit(java.lang.Object, java.lang.Object)'> (0x00000000c1c28fe8) 
thrown [t:\workspace\open\src\hotspot\share\interpreter\linkResolver.cpp, line 766]
Event: 74.939 Thread 0x000002917fe55fa0 Exception <a 'java/lang/NoSuchMethodError'{0x00000000c1c36868}: 'long java.lang.invoke.DirectMethodHandle$Holder.invokeInterface(java.lang.Object, java.lang.Object)'> (0x00000000c1c36868) 
thrown [t:\workspace\open\src\hotspot\share\interpreter\linkResolver.cpp, line 766]
Event: 74.940 Thread 0x000002917fe55fa0 Exception <a 'java/lang/IncompatibleClassChangeError'{0x00000000c1c39b50}: Found class java.lang.Object, but interface was expected> (0x00000000c1c39b50) 
thrown [t:\workspace\open\src\hotspot\share\interpreter\linkResolver.cpp, line 833]
Event: 74.947 Thread 0x000002910282e670 Exception <a 'sun/nio/fs/WindowsException'{0x00000000c1dd3c20}> (0x00000000c1dd3c20) 
thrown [t:\workspace\open\src\hotspot\share\prims\jni.cpp, line 516]
Event: 74.951 Thread 0x000002910282e670 Exception <a 'java/lang/NoSuchMethodError'{0x00000000c1dd5350}: 'int java.lang.invoke.DirectMethodHandle$Holder.invokeSpecial(java.lang.Object, java.lang.Object, java.lang.Object, java.lang.Object, java.lang.Object)'> (0x00000000c1dd5350) 
thrown [t:\workspace\open\src\hotspot\share\interpreter\linkResolver.cpp, line 766]
Event: 74.991 Thread 0x000002917fe55fa0 Exception <a 'java/lang/NoSuchMethodError'{0x00000000c1cd1cd8}: 'java.lang.Object java.lang.invoke.DirectMethodHandle$Holder.invokeVirtual(java.lang.Object, java.lang.Object, java.lang.Object, java.lang.Object)'> (0x00000000c1cd1cd8) 
thrown [t:\workspace\open\src\hotspot\share\interpreter\linkResolver.cpp, line 766]
Event: 75.001 Thread 0x000002910282e670 Exception <a 'java/lang/NoSuchMethodError'{0x00000000c1cf7858}: 'void java.lang.invoke.DirectMethodHandle$Holder.invokeVirtual(java.lang.Object, java.lang.Object)'> (0x00000000c1cf7858) 
thrown [t:\workspace\open\src\hotspot\share\interpreter\linkResolver.cpp, line 766]

VM Operations (20 events):
Event: 72.469 Executing VM operation: Cleanup
Event: 72.470 Executing VM operation: Cleanup done
Event: 72.733 Executing VM operation: HandshakeAllThreads
Event: 72.733 Executing VM operation: HandshakeAllThreads done
Event: 73.748 Executing VM operation: Cleanup
Event: 73.863 Executing VM operation: Cleanup done
Event: 74.296 Executing VM operation: HandshakeAllThreads
Event: 74.296 Executing VM operation: HandshakeAllThreads done
Event: 75.117 Executing VM operation: G1CollectForAllocation
Event: 75.258 Executing VM operation: G1CollectForAllocation done
Event: 76.277 Executing VM operation: Cleanup
Event: 76.392 Executing VM operation: Cleanup done
Event: 76.565 Executing VM operation: HandshakeAllThreads
Event: 76.565 Executing VM operation: HandshakeAllThreads done
Event: 77.575 Executing VM operation: Cleanup
Event: 77.575 Executing VM operation: Cleanup done
Event: 78.577 Executing VM operation: Cleanup
Event: 78.577 Executing VM operation: Cleanup done
Event: 79.584 Executing VM operation: Cleanup
Event: 79.686 Executing VM operation: Cleanup done

Events (20 events):
Event: 76.788 loading class javax/security/auth/callback/CallbackHandler done
Event: 76.788 loading class javax/security/auth/Subject
Event: 76.790 loading class javax/security/auth/Subject done
Event: 76.819 loading class com/sun/security/sasl/Provider
Event: 76.821 loading class com/sun/security/sasl/Provider done
Event: 76.822 loading class com/sun/security/sasl/Provider$1
Event: 76.834 loading class com/sun/security/sasl/Provider$1 done
Event: 76.835 loading class com/sun/security/sasl/Provider$ProviderService
Event: 76.835 loading class com/sun/security/sasl/Provider$ProviderService done
Event: 76.835 loading class sun/security/provider/certpath/ldap/JdkLDAP
Event: 76.837 loading class sun/security/provider/certpath/ldap/JdkLDAP done
Event: 76.839 loading class sun/security/provider/certpath/ldap/JdkLDAP$ProviderService
Event: 76.846 loading class sun/security/provider/certpath/ldap/JdkLDAP$ProviderService done
Event: 76.851 Thread 0x000002917fe55fa0 Thread exited: 0x000002917fe55fa0
Event: 78.787 Thread 0x000002917fa7de10 Thread added: 0x000002917fa7de10
Event: 79.514 loading class javax/naming/ldap/LdapContext
Event: 79.517 loading class javax/naming/directory/DirContext
Event: 79.520 loading class javax/naming/directory/DirContext done
Event: 79.520 loading class javax/naming/ldap/LdapContext done
Event: 79.832 Thread 0x000002917fa7de10 Thread exited: 0x000002917fa7de10


Dynamic libraries:
0x00007ff614d80000 - 0x00007ff614d8e000 	C:\desarrollo\java\jdk-17.0.2\bin\java.exe
0x00007ffae5dd0000 - 0x00007ffae5fe7000 	C:\Windows\SYSTEM32\ntdll.dll
0x00007ffae4be0000 - 0x00007ffae4ca4000 	C:\Windows\System32\KERNEL32.DLL
0x00007ffae32b0000 - 0x00007ffae3667000 	C:\Windows\System32\KERNELBASE.dll
0x00007ffae39e0000 - 0x00007ffae3af1000 	C:\Windows\System32\ucrtbase.dll
0x00007ffade000000 - 0x00007ffade018000 	C:\desarrollo\java\jdk-17.0.2\bin\jli.dll
0x00007ffae5000000 - 0x00007ffae51af000 	C:\Windows\System32\USER32.dll
0x00007ffae30e0000 - 0x00007ffae3106000 	C:\Windows\System32\win32u.dll
0x00007ffae4820000 - 0x00007ffae4849000 	C:\Windows\System32\GDI32.dll
0x00007ffae3710000 - 0x00007ffae3828000 	C:\Windows\System32\gdi32full.dll
0x00007ffae3670000 - 0x00007ffae370a000 	C:\Windows\System32\msvcp_win.dll
0x00007ffaddf40000 - 0x00007ffaddf5a000 	C:\desarrollo\java\jdk-17.0.2\bin\VCRUNTIME140.dll
0x00007ffac44a0000 - 0x00007ffac4733000 	C:\Windows\WinSxS\amd64_microsoft.windows.common-controls_6595b64144ccf1df_6.0.22621.3672_none_2713b9d173822955\COMCTL32.dll
0x00007ffae5ce0000 - 0x00007ffae5d87000 	C:\Windows\System32\msvcrt.dll
0x00007ffae5a10000 - 0x00007ffae5a41000 	C:\Windows\System32\IMM32.DLL
0x00007ffade8c0000 - 0x00007ffade8cc000 	C:\desarrollo\java\jdk-17.0.2\bin\vcruntime140_1.dll
0x00007ffad7340000 - 0x00007ffad73cd000 	C:\desarrollo\java\jdk-17.0.2\bin\msvcp140.dll
0x00007ffaa3e70000 - 0x00007ffaa4a31000 	C:\desarrollo\java\jdk-17.0.2\bin\server\jvm.dll
0x00007ffae4f40000 - 0x00007ffae4ff2000 	C:\Windows\System32\ADVAPI32.dll
0x00007ffae5350000 - 0x00007ffae53f8000 	C:\Windows\System32\sechost.dll
0x00007ffae3110000 - 0x00007ffae3138000 	C:\Windows\System32\bcrypt.dll
0x00007ffae4700000 - 0x00007ffae4814000 	C:\Windows\System32\RPCRT4.dll
0x00007ffade610000 - 0x00007ffade644000 	C:\Windows\SYSTEM32\WINMM.dll
0x00007ffad99d0000 - 0x00007ffad99d9000 	C:\Windows\SYSTEM32\WSOCK32.dll
0x00007ffae5400000 - 0x00007ffae5408000 	C:\Windows\System32\PSAPI.DLL
0x00007ffadba80000 - 0x00007ffadba8a000 	C:\Windows\SYSTEM32\VERSION.dll
0x00007ffae52d0000 - 0x00007ffae5341000 	C:\Windows\System32\WS2_32.dll
0x00007ffae2130000 - 0x00007ffae2148000 	C:\Windows\SYSTEM32\kernel.appcore.dll
0x00007ffaddf30000 - 0x00007ffaddf3a000 	C:\desarrollo\java\jdk-17.0.2\bin\jimage.dll
0x00007ffade3d0000 - 0x00007ffade602000 	C:\Windows\SYSTEM32\DBGHELP.DLL
0x00007ffae4850000 - 0x00007ffae4bde000 	C:\Windows\System32\combase.dll
0x00007ffae43d0000 - 0x00007ffae44a7000 	C:\Windows\System32\OLEAUT32.dll
0x00007ffade360000 - 0x00007ffade392000 	C:\Windows\SYSTEM32\dbgcore.DLL
0x00007ffae3960000 - 0x00007ffae39db000 	C:\Windows\System32\bcryptPrimitives.dll
0x00007ffad6ed0000 - 0x00007ffad6ef5000 	C:\desarrollo\java\jdk-17.0.2\bin\java.dll
0x00007ffaccd20000 - 0x00007ffaccdf6000 	C:\desarrollo\java\jdk-17.0.2\bin\jsvml.dll
0x00007ffae3b60000 - 0x00007ffae43c9000 	C:\Windows\System32\SHELL32.dll
0x00007ffae1050000 - 0x00007ffae194f000 	C:\Windows\SYSTEM32\windows.storage.dll
0x00007ffae0f10000 - 0x00007ffae104f000 	C:\Windows\SYSTEM32\wintypes.dll
0x00007ffae5910000 - 0x00007ffae5a09000 	C:\Windows\System32\SHCORE.dll
0x00007ffae4d10000 - 0x00007ffae4d6e000 	C:\Windows\System32\shlwapi.dll
0x00007ffae3010000 - 0x00007ffae3037000 	C:\Windows\SYSTEM32\profapi.dll
0x00007ffad6e90000 - 0x00007ffad6ea9000 	C:\desarrollo\java\jdk-17.0.2\bin\net.dll
0x00007ffade220000 - 0x00007ffade356000 	C:\Windows\SYSTEM32\WINHTTP.dll
0x00007ffae25a0000 - 0x00007ffae2609000 	C:\Windows\system32\mswsock.dll
0x00007ffad6d90000 - 0x00007ffad6da6000 	C:\desarrollo\java\jdk-17.0.2\bin\nio.dll
0x00007ffad5400000 - 0x00007ffad5418000 	C:\desarrollo\java\jdk-17.0.2\bin\zip.dll
0x00007ffada2f0000 - 0x00007ffada2f9000 	C:\desarrollo\java\jdk-17.0.2\bin\management.dll
0x00007ffaddf20000 - 0x00007ffaddf2b000 	C:\desarrollo\java\jdk-17.0.2\bin\management_ext.dll
0x00007ffacf2e0000 - 0x00007ffacf2f7000 	C:\Windows\system32\napinsp.dll
0x00007ffacf2c0000 - 0x00007ffacf2db000 	C:\Windows\system32\pnrpnsp.dll
0x00007ffae1c70000 - 0x00007ffae1d72000 	C:\Windows\SYSTEM32\DNSAPI.dll
0x00007ffae1bf0000 - 0x00007ffae1c1d000 	C:\Windows\SYSTEM32\IPHLPAPI.DLL
0x00007ffae52c0000 - 0x00007ffae52c9000 	C:\Windows\System32\NSI.dll
0x00007ffacf2a0000 - 0x00007ffacf2b1000 	C:\Windows\System32\winrnr.dll
0x00007ffacf280000 - 0x00007ffacf295000 	C:\Windows\system32\wshbth.dll
0x00007ffacf250000 - 0x00007ffacf277000 	C:\Windows\system32\nlansp_c.dll
0x00007ffadbd80000 - 0x00007ffadbd8a000 	C:\Windows\System32\rasadhlp.dll
0x00007ffadcee0000 - 0x00007ffadcf63000 	C:\Windows\System32\fwpuclnt.dll
0x00007ffae27f0000 - 0x00007ffae280b000 	C:\Windows\SYSTEM32\CRYPTSP.dll
0x00007ffae2090000 - 0x00007ffae20c5000 	C:\Windows\system32\rsaenh.dll
0x00007ffae2690000 - 0x00007ffae26b8000 	C:\Windows\SYSTEM32\USERENV.dll
0x00007ffae2810000 - 0x00007ffae281c000 	C:\Windows\SYSTEM32\CRYPTBASE.dll
0x00007ffade3b0000 - 0x00007ffade3c9000 	C:\Windows\SYSTEM32\dhcpcsvc6.DLL
0x00007ffade200000 - 0x00007ffade21f000 	C:\Windows\SYSTEM32\dhcpcsvc.DLL
0x00007ffad8080000 - 0x00007ffad808e000 	C:\desarrollo\java\jdk-17.0.2\bin\sunmscapi.dll
0x00007ffae3140000 - 0x00007ffae32a6000 	C:\Windows\System32\CRYPT32.dll
0x00007ffae29b0000 - 0x00007ffae29dd000 	C:\Windows\SYSTEM32\ncrypt.dll
0x00007ffae2970000 - 0x00007ffae29a7000 	C:\Windows\SYSTEM32\NTASN1.dll

dbghelp: loaded successfully - version: 4.0.5 - missing functions: none
symbol engine: initialized successfully - sym options: 0x614 - pdb path: .;C:\desarrollo\java\jdk-17.0.2\bin;C:\Windows\SYSTEM32;C:\Windows\WinSxS\amd64_microsoft.windows.common-controls_6595b64144ccf1df_6.0.22621.3672_none_2713b9d173822955;C:\desarrollo\java\jdk-17.0.2\bin\server

VM Arguments:
jvm_args: -Dcom.sun.management.jmxremote -Dcom.sun.management.jmxremote.port=64185 -Dcom.sun.management.jmxremote.authenticate=false -Dcom.sun.management.jmxremote.ssl=false -Dspring.jmx.enabled=true -Djava.rmi.server.hostname=localhost -Dspring.application.admin.enabled=true -Dspring.boot.project.name=msvc-items -XX:+ShowCodeDetailsInExceptionMessages 
java_command: com.mamglez.springcloud.msvc.items.MsvcItemsApplication
java_class_path (initial): C:\desarrollo\workspace-andres\SpringCloud\msvc-items\target\classes;C:\Users\alqui\.m2\repository\org\springframework\boot\spring-boot-starter-web\3.3.6\spring-boot-starter-web-3.3.6.jar;C:\Users\alqui\.m2\repository\org\springframework\boot\spring-boot-starter\3.3.6\spring-boot-starter-3.3.6.jar;C:\Users\alqui\.m2\repository\org\springframework\boot\spring-boot-starter-logging\3.3.6\spring-boot-starter-logging-3.3.6.jar;C:\Users\alqui\.m2\repository\ch\qos\logback\logback-classic\1.5.12\logback-classic-1.5.12.jar;C:\Users\alqui\.m2\repository\ch\qos\logback\logback-core\1.5.12\logback-core-1.5.12.jar;C:\Users\alqui\.m2\repository\org\apache\logging\log4j\log4j-to-slf4j\2.23.1\log4j-to-slf4j-2.23.1.jar;C:\Users\alqui\.m2\repository\org\apache\logging\log4j\log4j-api\2.23.1\log4j-api-2.23.1.jar;C:\Users\alqui\.m2\repository\org\slf4j\jul-to-slf4j\2.0.16\jul-to-slf4j-2.0.16.jar;C:\Users\alqui\.m2\repository\jakarta\annotation\jakarta.annotation-api\2.1.1\jakarta.annotation-api-2.1.1.jar;C:\Users\alqui\.m2\repository\org\yaml\snakeyaml\2.2\snakeyaml-2.2.jar;C:\Users\alqui\.m2\repository\org\springframework\boot\spring-boot-starter-json\3.3.6\spring-boot-starter-json-3.3.6.jar;C:\Users\alqui\.m2\repository\com\fasterxml\jackson\core\jackson-databind\2.17.3\jackson-databind-2.17.3.jar;C:\Users\alqui\.m2\repository\com\fasterxml\jackson\datatype\jackson-datatype-jdk8\2.17.3\jackson-datatype-jdk8-2.17.3.jar;C:\Users\alqui\.m2\repository\com\fasterxml\jackson\datatype\jackson-datatype-jsr310\2.17.3\jackson-datatype-jsr310-2.17.3.jar;C:\Users\alqui\.m2\repository\com\fasterxml\jackson\module\jackson-module-parameter-names\2.17.3\jackson-module-parameter-names-2.17.3.jar;C:\Users\alqui\.m2\repository\org\springframework\boot\spring-boot-starter-tomcat\3.3.6\spring-boot-starter-tomcat-3.3.6.jar;C:\Users\alqui\.m2\repository\org\apache\tomcat\embed\tomcat-embed-core\10.1.33\tomcat-embed-core-10.1.33.jar;C:\Users\alqui\.m2\repository\org\apache\tomc
Launcher Type: SUN_STANDARD

[Global flags]
     intx CICompilerCount                          = 3                                         {product} {ergonomic}
     uint ConcGCThreads                            = 1                                         {product} {ergonomic}
     uint G1ConcRefinementThreads                  = 4                                         {product} {ergonomic}
   size_t G1HeapRegionSize                         = 1048576                                   {product} {ergonomic}
    uintx GCDrainStackTargetSize                   = 64                                        {product} {ergonomic}
   size_t InitialHeapSize                          = 67108864                                  {product} {ergonomic}
     bool ManagementServer                         = true                                      {product} {command line}
   size_t MarkStackSize                            = 4194304                                   {product} {ergonomic}
   size_t MaxHeapSize                              = 1073741824                                {product} {ergonomic}
   size_t MaxNewSize                               = 643825664                                 {product} {ergonomic}
   size_t MinHeapDeltaBytes                        = 1048576                                   {product} {ergonomic}
   size_t MinHeapSize                              = 8388608                                   {product} {ergonomic}
    uintx NonNMethodCodeHeapSize                   = 5832780                                {pd product} {ergonomic}
    uintx NonProfiledCodeHeapSize                  = 122912730                              {pd product} {ergonomic}
    uintx ProfiledCodeHeapSize                     = 122912730                              {pd product} {ergonomic}
    uintx ReservedCodeCacheSize                    = 251658240                              {pd product} {ergonomic}
     bool SegmentedCodeCache                       = true                                      {product} {ergonomic}
     bool ShowCodeDetailsInExceptionMessages       = true                                   {manageable} {command line}
   size_t SoftMaxHeapSize                          = 1073741824                             {manageable} {ergonomic}
     bool UseCompressedClassPointers               = true                           {product lp64_product} {ergonomic}
     bool UseCompressedOops                        = true                           {product lp64_product} {ergonomic}
     bool UseG1GC                                  = true                                      {product} {ergonomic}
     bool UseLargePagesIndividualAllocation        = false                                  {pd product} {ergonomic}

Logging:
Log output configuration:
 #0: stdout all=warning uptime,level,tags
 #1: stderr all=off uptime,level,tags

Environment Variables:
JAVA_HOME=C:\desarrollo\java\jdk-17.0.2
PATH=C:\desarrollo\java\jdk-17.0.2\bin;C:\Program Files\Common Files\Oracle\Java\javapath;C:\Windows\system32;C:\Windows;C:\Windows\System32\Wbem;C:\Windows\System32\WindowsPowerShell\v1.0\;C:\Windows\System32\OpenSSH\;C:\Program Files\Git\cmd;C:\Program Files\nodejs\;C:\xampp\php;C:\desarrollo\java\jdk-17.0.2\bin;C:\Users\alqui\AppData\Local\Microsoft\WindowsApps;C:\Users\alqui\AppData\Roaming\npm;C:\Users\alqui\AppData\Local\Programs\Microsoft VS Code\bin;
USERNAME=alqui
LANG=en_US.UTF-8
OS=Windows_NT
PROCESSOR_IDENTIFIER=Intel64 Family 6 Model 142 Stepping 9, GenuineIntel



---------------  S Y S T E M  ---------------

OS:
 Windows 11 , 64 bit Build 22621 (10.0.22621.3958)
OS uptime: 39 days 6:32 hours
VMWare virtualization detected

CPU: total 4 (initial active 4) (4 cores per cpu, 1 threads per core) family 6 model 142 stepping 9 microcode 0xd6, cx8, cmov, fxsr, mmx, 3dnowpref, sse, sse2, sse3, ssse3, sse4.1, sse4.2, popcnt, lzcnt, tsc, tscinvbit, avx, avx2, aes, erms, clmul, bmi1, bmi2, adx, fma, vzeroupper, clflush, clflushopt, hv

Memory: 4k page, system-wide physical 4094M (57M free)
TotalPageFile size 12324M (AvailPageFile size 40M)
current process WorkingSet (physical memory assigned to process): 117M, peak: 119M
current process commit charge ("private bytes"): 178M, peak: 183M

vm_info: OpenJDK 64-Bit Server VM (17.0.2+8-86) for windows-amd64 JRE (17.0.2+8-86), built on Dec  7 2021 21:49:10 by "mach5one" with MS VC++ 16.8 / 16.9 (VS2019)

END.
